N1,N2,N3,s2,s3,d2,d3,alpha,dt,NITER,flux_mean,flux_std,flux_ref,Te_0_mean_all,Te_0_std_all,Te_0_mean_50%,Te_0_std_50%
10,90,30,0.2,0.2,10,10,0.01,0.01,1000,27948.95889895097,5131.176942207749,27305.779091160664,4158.144821893873,255.09345843732652,4148.26716650575,197.2760894827743
10,90,30,0.2,0.2,10,10,0.01,0.01,1000,27912.453513787186,5126.251122541562,27305.779091160664,4160.414494963759,246.37190100365774,4222.690458561208,198.49525700681286
10,90,30,0.5,0.5,10,10,0.01,0.01,1000,30278.508506380484,13899.066738206282,27305.779091160664,3987.025280563138,579.4073608601539,4160.364267147027,561.6331508970171
10,90,30,0.5,0.5,10,10,0.01,0.01,1000,30378.99359419014,13838.154874007432,27305.779091160664,3968.6748182060073,487.5360661954226,3989.092901586916,494.7405061574857
10,90,30,1.0,1.0,10,10,0.01,0.01,1000,44280.2467197352,47271.706748700286,27305.779091160664,3207.272053300694,853.055095412017,3243.887956953296,905.2647425425532
10,90,30,1.0,1.0,10,10,0.01,0.01,1000,37232.77678786327,34870.75994984231,27305.779091160664,3686.621129679995,892.0498403990096,3442.1241168890833,836.9728133148852
10,90,30,10.0,10.0,10,10,0.01,0.01,1000,565764052894905.2,1.7424034480469998e+16,27305.779091160664,1984.8980621281726,2502.2645514380397,1906.9127913944938,2350.3669165621814
10,90,30,10.0,10.0,10,10,0.01,0.01,1000,340268094342053.4,6963828926033974.0,27305.779091160664,2004.551455523509,2327.436404109037,1784.0826679369063,2102.4454518253538
10,90,30,0.1,0.1,10,10,0.01,0.01,1000,27320.080588784454,2648.98134259671,27305.779091160664,4227.430179974374,188.1771647608146,4287.870070197938,95.40792576344336
10,90,30,0.1,0.1,10,10,0.01,0.01,1000,27288.54415677571,2757.185741105664,27305.779091160664,4235.815793133033,189.82827872520141,4270.170650560651,108.41621655126893
10,90,30,0.01,0.01,10,10,0.01,0.01,1000,27251.7597283532,1112.5944211695853,27305.779091160664,4231.975747528763,157.66583719196726,4269.042399278198,11.861717250354602
10,90,30,0.01,0.01,10,10,0.01,0.01,1000,27246.149456488056,1119.419025105932,27305.779091160664,4232.491693340878,156.75293196184936,4269.913286219671,10.338340094829114
10,90,30,0.02,0.02,10,10,0.01,0.01,1000,27252.683233627708,1195.4939137026884,27305.779091160664,4231.604234790291,155.9873231326717,4270.047146776892,18.497999972119864
10,90,30,0.02,0.02,10,10,0.01,0.01,1000,27235.628172131157,1190.0737672222256,27305.779091160664,4235.053397633507,159.33510779421326,4273.0304987434765,22.150993271516892
10,90,30,0.05,0.05,10,10,0.01,0.01,1000,27249.461287223847,1589.5249403123248,27305.779091160664,4234.167673697022,167.347809208148,4274.7273975927355,51.41488674602634
10,90,30,0.05,0.05,10,10,0.01,0.01,1000,27248.506270234142,1623.8345505014718,27305.779091160664,4235.840967719361,175.61000211925383,4265.260024593506,54.491815452942866
10,90,30,0.001,0.001,10,10,0.01,0.01,1000,27243.967665717773,1088.2240558288747,27305.779091160664,4232.953762122071,156.4815609970687,4269.634290723054,1.091557321704951
10,90,30,0.001,0.001,10,10,0.01,0.01,1000,27243.559465092712,1088.3378333251092,27305.779091160664,4233.0109700992125,156.4887755493077,4269.761312497836,0.9737220109888474
10,90,30,0.0001,0.0001,10,10,0.01,0.01,1000,27243.42459857106,1087.8825781807839,27305.779091160664,4233.036465245765,156.45164521847406,4269.757518062554,0.11700275292339785
10,90,30,0.0001,0.0001,10,10,0.01,0.01,1000,27243.46481535252,1087.8897005408776,27305.779091160664,4233.033545042788,156.46743257472988,4269.72134027785,0.1043554347606676
10,90,30,100.0,100.0,10,10,0.01,0.01,1000,5.275680140875498e+123,1.6672005685658273e+125,27305.779091160664,1611.9355172685148,2217.784456241087,1487.6097414223618,2054.9981115049527
10,90,30,100.0,100.0,10,10,0.01,0.01,1000,4.2399035642464984e+127,1.3401046769516197e+129,27305.779091160664,1866.45862292823,2548.254967721766,1916.3648261810715,2579.148928571173
10,90,30,1.0,1.0,10,10,0.001,0.01,1000,29310.52297556951,9048.38033642184,27305.779091160664,4279.834725017936,1395.334504750207,3786.9317257241946,466.999280138728
10,90,30,1.0,1.0,10,10,0.001,0.01,1000,26785.322844692346,8255.237113551428,27305.779091160664,4572.4398716945125,1276.7080301476528,4270.871426816076,578.1709393064098
10,90,30,1.0,1.0,10,10,0.1,0.01,1000,386202.2023497543,2926386.155933948,27305.779091160664,2013.9516950147672,1173.4837337207289,1844.3831562570806,1062.4163519058138
10,90,30,1.0,1.0,10,10,0.1,0.01,1000,268605.776659654,1474529.0009070965,27305.779091160664,2170.352695463543,1216.3892742813441,2022.9789943354974,1190.895591477905
10,90,30,0.2,0.2,10,10,0.1,0.01,1000,30629.459415862966,14030.702676783132,27305.779091160664,3902.61863630538,426.60298585798955,3991.7002135093812,414.17473469512873
10,90,30,0.2,0.2,10,10,0.1,0.01,1000,30563.599805763388,14615.083915739948,27305.779091160664,3920.321345932148,422.4045462560688,3983.5736838040725,417.9473730847749
10,90,30,0.2,0.2,10,10,0.001,0.01,1000,26492.140224812323,4146.97171899493,27305.779091160664,4506.281708239398,1153.7800748177353,4286.176701773169,127.56313534955042
10,90,30,0.2,0.2,10,10,0.001,0.01,1000,26655.49921487894,4091.066183416784,27305.779091160664,4463.481889810711,1077.3681989785616,4275.5407951259995,103.67355278227961
10,90,30,0.2,0.2,10,10,0.001,0.1,100,19122.37190153273,9455.125740299945,27305.779091160664,13749.381283730438,18028.879660898947,4534.73587530881,284.800604398116
10,90,30,0.2,0.2,10,10,0.001,0.1,100,19598.38319606323,9681.144347097754,27305.779091160664,13889.1091406282,18472.040273827726,4472.075281423522,131.48467429665786
10,90,30,0.2,0.2,10,10,0.01,0.1,100,28257.30867215376,5858.297122000751,27305.779091160664,4251.270881271134,1053.610437482669,4027.136402112317,328.7809206875021
10,90,30,0.2,0.2,10,10,0.01,0.1,100,27088.17667221952,5546.747837643781,27305.779091160664,4440.386778937469,1008.7804760511731,4170.9568271153585,369.75958474679
10,90,30,0.2,0.2,10,10,0.1,0.1,100,30336.228132778448,14616.270281657602,27305.779091160664,4179.26272733686,886.2357849364578,4489.734714267711,871.7622441672961
10,90,30,0.2,0.2,10,10,0.1,0.1,100,31217.132012792725,13246.543730064841,27305.779091160664,4011.678510576603,874.6489863779993,4018.2425962715406,962.1390161270133
10,90,30,0.2,0.2,10,10,0.1,0.001,10000,30054.726113133413,13670.342038749126,27305.779091160664,3880.339469877215,211.08586308673526,3926.1764787190937,134.07756306475235
10,90,30,0.2,0.2,10,10,0.1,0.001,10000,30042.86418542964,13624.934657417165,27305.779091160664,3880.7774536575234,207.10885816395086,3913.7044622119865,124.19066928339801
10,90,30,0.2,0.2,10,10,0.01,0.001,10000,27734.723078524774,4922.495934161513,27305.779091160664,4167.021853421277,206.02184925007074,4202.526456104577,84.25186063855486
10,90,30,0.2,0.2,10,10,0.01,0.001,10000,27576.853694905196,4891.7287694064335,27305.779091160664,4191.277351724324,208.06426905105826,4246.0973548049,77.26406332670814
10,90,30,0.2,0.2,10,10,0.001,0.001,10000,27180.886472251575,1953.493121322087,27305.779091160664,4241.544555009535,167.23708754159404,4270.496397143271,67.54067816119888
10,90,30,0.2,0.2,10,10,0.001,0.001,10000,27236.625449403782,1933.2969785308028,27305.779091160664,4233.57654324076,170.5943937464432,4277.709965897223,57.83868709734626
10,90,30,0.2,0.2,10,10,0.0001,0.001,10000,26568.429234327807,3908.1814110530427,27305.779091160664,4474.613344862534,1088.9299167170823,4260.227341596716,34.924687682060124
10,90,30,0.2,0.2,10,10,0.0001,0.001,10000,26592.52445717707,3919.0875324676276,27305.779091160664,4471.992945630724,1084.0737208684752,4259.5660876493575,39.3145515339536
10,90,30,0.2,0.2,10,10,0.0001,0.001,10000,26519.737000516772,3939.834356254787,27305.779091160664,4485.448774157697,1102.6408403296014,4278.6185928689265,48.14997494754257
10,90,30,0.2,0.2,10,10,0.0001,0.001,10000,26545.568724512977,3896.1845421016787,27305.779091160664,4479.543327036642,1083.7804857454416,4257.375719497842,32.92694461178046
10,90,30,0.2,0.2,10,10,0.01,0.01,1000,27797.844490051626,5053.585262784319,27305.779091160664,4178.047701445061,263.57136534855675,4178.834973363077,193.64387986956365
10,90,30,0.2,0.2,10,10,0.01,0.01,1000,27978.355546151997,5182.496963337195,27305.779091160664,4155.376068566262,240.15290045823818,4184.371317526873,215.6017038173305
